  chapter6_practice.cpp
f:\studying\myprojects\visualstudio\dsa_c\chapter_6\chapter_6\chapter6_practice.cpp : warning C4819: 该文件包含不能在当前代码页(936)中表示的字符。请将该文件保存为 Unicode 格式以防止数据丢失
f:\studying\myprojects\visualstudio\dsa_c\chapter_6\chapter_6\chapter6_practice.h : warning C4819: 该文件包含不能在当前代码页(936)中表示的字符。请将该文件保存为 Unicode 格式以防止数据丢失
f:\studying\myprojects\visualstudio\dsa_c\chapter_6\chapter_6\heap_bin.h : warning C4819: 该文件包含不能在当前代码页(936)中表示的字符。请将该文件保存为 Unicode 格式以防止数据丢失
f:\studying\myprojects\visualstudio\dsa_c\chapter_6\chapter_6\heap_left.h : warning C4819: 该文件包含不能在当前代码页(936)中表示的字符。请将该文件保存为 Unicode 格式以防止数据丢失
f:\studying\myprojects\visualstudio\dsa_c\chapter_6\chapter_6\heap_skew.h : warning C4819: 该文件包含不能在当前代码页(936)中表示的字符。请将该文件保存为 Unicode 格式以防止数据丢失
f:\studying\myprojects\visualstudio\dsa_c\chapter_6\chapter_6\bintree.h : warning C4819: 该文件包含不能在当前代码页(936)中表示的字符。请将该文件保存为 Unicode 格式以防止数据丢失
  chapter6_test.cpp
f:\studying\myprojects\visualstudio\dsa_c\chapter_6\chapter_6\chapter6_test.cpp : warning C4819: 该文件包含不能在当前代码页(936)中表示的字符。请将该文件保存为 Unicode 格式以防止数据丢失
f:\studying\myprojects\visualstudio\dsa_c\chapter_6\chapter_6\heap_bin.h : warning C4819: 该文件包含不能在当前代码页(936)中表示的字符。请将该文件保存为 Unicode 格式以防止数据丢失
f:\studying\myprojects\visualstudio\dsa_c\chapter_6\chapter_6\heap_left.h : warning C4819: 该文件包含不能在当前代码页(936)中表示的字符。请将该文件保存为 Unicode 格式以防止数据丢失
f:\studying\myprojects\visualstudio\dsa_c\chapter_6\chapter_6\heap_skew.h : warning C4819: 该文件包含不能在当前代码页(936)中表示的字符。请将该文件保存为 Unicode 格式以防止数据丢失
f:\studying\myprojects\visualstudio\dsa_c\chapter_6\chapter_6\bintree.h : warning C4819: 该文件包含不能在当前代码页(936)中表示的字符。请将该文件保存为 Unicode 格式以防止数据丢失
f:\studying\myprojects\visualstudio\dsa_c\chapter_6\chapter_6\chapter6_practice.h : warning C4819: 该文件包含不能在当前代码页(936)中表示的字符。请将该文件保存为 Unicode 格式以防止数据丢失
f:\studying\myprojects\visualstudio\dsa_c\chapter_6\chapter_6\heap_bin.h : warning C4819: 该文件包含不能在当前代码页(936)中表示的字符。请将该文件保存为 Unicode 格式以防止数据丢失
f:\studying\myprojects\visualstudio\dsa_c\chapter_6\chapter_6\heap_left.h : warning C4819: 该文件包含不能在当前代码页(936)中表示的字符。请将该文件保存为 Unicode 格式以防止数据丢失
f:\studying\myprojects\visualstudio\dsa_c\chapter_6\chapter_6\heap_skew.h : warning C4819: 该文件包含不能在当前代码页(936)中表示的字符。请将该文件保存为 Unicode 格式以防止数据丢失
f:\studying\myprojects\visualstudio\dsa_c\chapter_6\chapter_6\bintree.h : warning C4819: 该文件包含不能在当前代码页(936)中表示的字符。请将该文件保存为 Unicode 格式以防止数据丢失
  heap_bin.cpp
f:\studying\myprojects\visualstudio\dsa_c\chapter_6\chapter_6\heap_bin.cpp : warning C4819: 该文件包含不能在当前代码页(936)中表示的字符。请将该文件保存为 Unicode 格式以防止数据丢失
f:\studying\myprojects\visualstudio\dsa_c\chapter_6\chapter_6\heap_bin.h : warning C4819: 该文件包含不能在当前代码页(936)中表示的字符。请将该文件保存为 Unicode 格式以防止数据丢失
  正在生成代码...
  chapter_6.vcxproj -> F:\STUDYING\MyProjects\VisualStudio\DSA_C\chapter_6\Debug\chapter_6.exe
